 Downloading wsj data...
File not found; treating csv_path as URL: raw_data/wsj/gainers_raw_2025-03-27_00-21.csv
Using Selenium to fetch WSJ data...
An error occurred with wsj: Message: unknown error: cannot determine loading status
from unknown error: cannot determine loading status
from disconnected: Unable to receive message from renderer
  (Session info: chrome=132.0.6834.159)
Stacktrace:
#0 0x5cffe3fb453a <unknown>
#1 0x5cffe3aaff00 <unknown>
#2 0x5cffe3a981b7 <unknown>
#3 0x5cffe3a97ec2 <unknown>
#4 0x5cffe3a95e56 <unknown>
#5 0x5cffe3a9663f <unknown>
#6 0x5cffe3ac287b <unknown>
#7 0x5cffe3ab80b1 <unknown>
#8 0x5cffe3ab7fa1 <unknown>
#9 0x5cffe3aa6f06 <unknown>
#10 0x5cffe3aa69e7 <unknown>
#11 0x5cffe3abd194 <unknown>
#12 0x5cffe3ac309b <unknown>
#13 0x5cffe3a96d47 <unknown>
#14 0x5cffe3abccf1 <unknown>
#15 0x5cffe3b43338 <unknown>
#16 0x5cffe3b24343 <unknown>
#17 0x5cffe3af178a <unknown>
#18 0x5cffe3af29de <unknown>
#19 0x5cffe3f7e2cb <unknown>
#20 0x5cffe3f82242 <unknown>
#21 0x5cffe3f6b7ac <unknown>
#22 0x5cffe3f82df7 <unknown>
#23 0x5cffe3f4fb2f <unknown>
#24 0x5cffe3fa31a8 <unknown>
#25 0x5cffe3fa3370 <unknown>
#26 0x5cffe3fb33b6 <unknown>
#27 0x756aa809caa4 <unknown>
#28 0x756aa8129c3c <unknown>

 Downloading wsj data...
File not found; treating csv_path as URL: raw_data/wsj/gainers_raw_2025-03-27_00-22.csv
Using Selenium to fetch WSJ data...
An error occurred with wsj: Message: unknown error: cannot determine loading status
from disconnected: Unable to receive message from renderer
  (Session info: chrome=132.0.6834.159)
Stacktrace:
#0 0x5ae48d5df53a <unknown>
#1 0x5ae48d0daf00 <unknown>
#2 0x5ae48d0c31b7 <unknown>
#3 0x5ae48d0c2ec2 <unknown>
#4 0x5ae48d0c0e56 <unknown>
#5 0x5ae48d0c163f <unknown>
#6 0x5ae48d0d1410 <unknown>
#7 0x5ae48d0e8194 <unknown>
#8 0x5ae48d0ee09b <unknown>
#9 0x5ae48d0c1d47 <unknown>
#10 0x5ae48d0e7cf1 <unknown>
#11 0x5ae48d16e338 <unknown>
#12 0x5ae48d14f343 <unknown>
#13 0x5ae48d11c78a <unknown>
#14 0x5ae48d11d9de <unknown>
#15 0x5ae48d5a92cb <unknown>
#16 0x5ae48d5ad242 <unknown>
#17 0x5ae48d5967ac <unknown>
#18 0x5ae48d5addf7 <unknown>
#19 0x5ae48d57ab2f <unknown>
#20 0x5ae48d5ce1a8 <unknown>
#21 0x5ae48d5ce370 <unknown>
#22 0x5ae48d5de3b6 <unknown>
#23 0x74c033e9caa4 <unknown>
#24 0x74c033f29c3c <unknown>

/home/ubuntu/SP25_DS5111_uay3yb/bin/gainers/wsj.py:54: FutureWarning: Passing literal html to 'read_html' is deprecated and will be removed in a future version. To read from a literal string, wrap it in a 'StringIO' object.
  df_list = pd.read_html(html)
 Downloading wsj data...
File not found; treating csv_path as URL: raw_data/wsj/gainers_raw_2025-03-27_00-23.csv
Using Selenium to fetch WSJ data...
WSJ HTML fetched and saved to wsjgainers.html
Table successfully extracted from WSJ HTML.
 Normalizing wsj data...
 Saving raw data to raw_data/wsj/gainers_raw_2025-03-27_00-23.csv
WSJ data saved to raw_data/wsj/gainers_raw_2025-03-27_00-23.csv
 Saved raw data: raw_data/wsj/gainers_raw_2025-03-27_00-23.csv
 Saving normalized data to raw_data/wsj/gainers_normalized_2025-03-27_00-23.csv
WSJ data saved to raw_data/wsj/gainers_normalized_2025-03-27_00-23.csv
 Saved normalized data: raw_data/wsj/gainers_normalized_2025-03-27_00-23.csv
/home/ubuntu/SP25_DS5111_uay3yb/bin/gainers/wsj.py:54: FutureWarning: Passing literal html to 'read_html' is deprecated and will be removed in a future version. To read from a literal string, wrap it in a 'StringIO' object.
  df_list = pd.read_html(html)
 Downloading wsj data...
File not found; treating csv_path as URL: raw_data/wsj/gainers_raw_2025-03-27_00-24.csv
Using Selenium to fetch WSJ data...
WSJ HTML fetched and saved to wsjgainers.html
Table successfully extracted from WSJ HTML.
 Normalizing wsj data...
 Saving raw data to raw_data/wsj/gainers_raw_2025-03-27_00-24.csv
WSJ data saved to raw_data/wsj/gainers_raw_2025-03-27_00-24.csv
 Saved raw data: raw_data/wsj/gainers_raw_2025-03-27_00-24.csv
 Saving normalized data to raw_data/wsj/gainers_normalized_2025-03-27_00-24.csv
WSJ data saved to raw_data/wsj/gainers_normalized_2025-03-27_00-24.csv
 Saved normalized data: raw_data/wsj/gainers_normalized_2025-03-27_00-24.csv
Traceback (most recent call last):
  File "/home/ubuntu/SP25_DS5111_uay3yb/get_gainer.py", line 6, in <module>
    from bin.gainers.factory import GainerFactory
  File "/home/ubuntu/SP25_DS5111_uay3yb/bin/gainers/factory.py", line 2, in <module>
    from .wsj import GainerDownloadWSJ, GainerProcessWSJ
  File "/home/ubuntu/SP25_DS5111_uay3yb/bin/gainers/wsj.py", line 25, in <module>
    driver = get_chrome_driver()
             ^^^^^^^^^^^^^^^^^^^
  File "/home/ubuntu/SP25_DS5111_uay3yb/bin/gainers/wsj.py", line 21, in get_chrome_driver
    driver = webdriver.Chrome(ChromeDriverManager().install(), options=options)
             ^^^^^^^^^^^^^^^^^^^^^^^^^^^^^^^^^^^^^^^^^^^^^^^^^^^^^^^^^^^^^^^^^^
TypeError: WebDriver.__init__() got multiple values for argument 'options'
Traceback (most recent call last):
  File "/home/ubuntu/SP25_DS5111_uay3yb/get_gainer.py", line 6, in <module>
    from bin.gainers.factory import GainerFactory
  File "/home/ubuntu/SP25_DS5111_uay3yb/bin/gainers/factory.py", line 2, in <module>
    from .wsj import GainerDownloadWSJ, GainerProcessWSJ
  File "/home/ubuntu/SP25_DS5111_uay3yb/bin/gainers/wsj.py", line 25, in <module>
    driver = get_chrome_driver()
             ^^^^^^^^^^^^^^^^^^^
  File "/home/ubuntu/SP25_DS5111_uay3yb/bin/gainers/wsj.py", line 21, in get_chrome_driver
    driver = webdriver.Chrome(ChromeDriverManager().install(), options=options)
             ^^^^^^^^^^^^^^^^^^^^^^^^^^^^^^^^^^^^^^^^^^^^^^^^^^^^^^^^^^^^^^^^^^
TypeError: WebDriver.__init__() got multiple values for argument 'options'
Traceback (most recent call last):
  File "/home/ubuntu/SP25_DS5111_uay3yb/get_gainer.py", line 6, in <module>
    from bin.gainers.factory import GainerFactory
  File "/home/ubuntu/SP25_DS5111_uay3yb/bin/gainers/factory.py", line 2, in <module>
    from .wsj import GainerDownloadWSJ, GainerProcessWSJ
  File "/home/ubuntu/SP25_DS5111_uay3yb/bin/gainers/wsj.py", line 25, in <module>
    driver = get_chrome_driver()
             ^^^^^^^^^^^^^^^^^^^
  File "/home/ubuntu/SP25_DS5111_uay3yb/bin/gainers/wsj.py", line 21, in get_chrome_driver
    driver = webdriver.Chrome(ChromeDriverManager().install(), options=options)
             ^^^^^^^^^^^^^^^^^^^^^^^^^^^^^^^^^^^^^^^^^^^^^^^^^^^^^^^^^^^^^^^^^^
TypeError: WebDriver.__init__() got multiple values for argument 'options'
Traceback (most recent call last):
  File "/home/ubuntu/SP25_DS5111_uay3yb/get_gainer.py", line 6, in <module>
    from bin.gainers.factory import GainerFactory
  File "/home/ubuntu/SP25_DS5111_uay3yb/bin/gainers/factory.py", line 2, in <module>
    from .wsj import GainerDownloadWSJ, GainerProcessWSJ
  File "/home/ubuntu/SP25_DS5111_uay3yb/bin/gainers/wsj.py", line 25, in <module>
    driver = get_chrome_driver()
             ^^^^^^^^^^^^^^^^^^^
  File "/home/ubuntu/SP25_DS5111_uay3yb/bin/gainers/wsj.py", line 21, in get_chrome_driver
    driver = webdriver.Chrome(ChromeDriverManager().install(), options=options)
             ^^^^^^^^^^^^^^^^^^^^^^^^^^^^^^^^^^^^^^^^^^^^^^^^^^^^^^^^^^^^^^^^^^
TypeError: WebDriver.__init__() got multiple values for argument 'options'
Traceback (most recent call last):
  File "/home/ubuntu/SP25_DS5111_uay3yb/get_gainer.py", line 6, in <module>
    from bin.gainers.factory import GainerFactory
  File "/home/ubuntu/SP25_DS5111_uay3yb/bin/gainers/factory.py", line 2, in <module>
    from .wsj import GainerDownloadWSJ, GainerProcessWSJ
  File "/home/ubuntu/SP25_DS5111_uay3yb/bin/gainers/wsj.py", line 25, in <module>
    driver = get_chrome_driver()
             ^^^^^^^^^^^^^^^^^^^
  File "/home/ubuntu/SP25_DS5111_uay3yb/bin/gainers/wsj.py", line 21, in get_chrome_driver
    driver = webdriver.Chrome(ChromeDriverManager().install(), options=options)
             ^^^^^^^^^^^^^^^^^^^^^^^^^^^^^^^^^^^^^^^^^^^^^^^^^^^^^^^^^^^^^^^^^^
TypeError: WebDriver.__init__() got multiple values for argument 'options'
Traceback (most recent call last):
  File "/home/ubuntu/SP25_DS5111_uay3yb/get_gainer.py", line 6, in <module>
    from bin.gainers.factory import GainerFactory
  File "/home/ubuntu/SP25_DS5111_uay3yb/bin/gainers/factory.py", line 2, in <module>
    from .wsj import GainerDownloadWSJ, GainerProcessWSJ
ModuleNotFoundError: No module named 'bin.gainers.wsj'
Traceback (most recent call last):
  File "/home/ubuntu/SP25_DS5111_uay3yb/get_gainer.py", line 6, in <module>
    from bin.gainers.factory import GainerFactory
  File "/home/ubuntu/SP25_DS5111_uay3yb/bin/gainers/factory.py", line 2, in <module>
    from .wsj import GainerDownloadWSJ, GainerProcessWSJ
  File "/home/ubuntu/SP25_DS5111_uay3yb/bin/gainers/wsj.py", line 25, in <module>
    driver = get_chrome_driver()
             ^^^^^^^^^^^^^^^^^^^
  File "/home/ubuntu/SP25_DS5111_uay3yb/bin/gainers/wsj.py", line 21, in get_chrome_driver
    driver = webdriver.Chrome(ChromeDriverManager().install(), options=options)
             ^^^^^^^^^^^^^^^^^^^^^^^^^^^^^^^^^^^^^^^^^^^^^^^^^^^^^^^^^^^^^^^^^^
TypeError: WebDriver.__init__() got multiple values for argument 'options'
Traceback (most recent call last):
  File "/home/ubuntu/SP25_DS5111_uay3yb/get_gainer.py", line 6, in <module>
    from bin.gainers.factory import GainerFactory
  File "/home/ubuntu/SP25_DS5111_uay3yb/bin/gainers/factory.py", line 2, in <module>
    from .wsj import GainerDownloadWSJ, GainerProcessWSJ
ModuleNotFoundError: No module named 'bin.gainers.wsj'
Traceback (most recent call last):
  File "/home/ubuntu/SP25_DS5111_uay3yb/get_gainer.py", line 6, in <module>
    from bin.gainers.factory import GainerFactory
  File "/home/ubuntu/SP25_DS5111_uay3yb/bin/gainers/factory.py", line 2, in <module>
    from .wsj import GainerDownloadWSJ, GainerProcessWSJ
  File "/home/ubuntu/SP25_DS5111_uay3yb/bin/gainers/wsj.py", line 26, in <module>
    driver = get_chrome_driver()
             ^^^^^^^^^^^^^^^^^^^
  File "/home/ubuntu/SP25_DS5111_uay3yb/bin/gainers/wsj.py", line 22, in get_chrome_driver
    driver = webdriver.Chrome(executable_path=ChromeDriverManager().install(), options=options)
             ^^^^^^^^^^^^^^^^^^^^^^^^^^^^^^^^^^^^^^^^^^^^^^^^^^^^^^^^^^^^^^^^^^^^^^^^^^^^^^^^^^
TypeError: WebDriver.__init__() got an unexpected keyword argument 'executable_path'
Traceback (most recent call last):
  File "/home/ubuntu/SP25_DS5111_uay3yb/get_gainer.py", line 6, in <module>
    from bin.gainers.factory import GainerFactory
  File "/home/ubuntu/SP25_DS5111_uay3yb/bin/gainers/factory.py", line 2, in <module>
    from .wsj import GainerDownloadWSJ, GainerProcessWSJ
  File "/home/ubuntu/SP25_DS5111_uay3yb/bin/gainers/wsj.py", line 26, in <module>
    driver = get_chrome_driver()
             ^^^^^^^^^^^^^^^^^^^
  File "/home/ubuntu/SP25_DS5111_uay3yb/bin/gainers/wsj.py", line 22, in get_chrome_driver
    driver = webdriver.Chrome(executable_path=ChromeDriverManager().install(), options=options)
             ^^^^^^^^^^^^^^^^^^^^^^^^^^^^^^^^^^^^^^^^^^^^^^^^^^^^^^^^^^^^^^^^^^^^^^^^^^^^^^^^^^
TypeError: WebDriver.__init__() got an unexpected keyword argument 'executable_path'
 Downloading wsj data...
File not found; treating csv_path as URL: raw_data/wsj/gainers_raw_2025-03-27_00-35.csv
Using Selenium to fetch WSJ data...
An error occurred with wsj: HTTPConnectionPool(host='localhost', port=51855): Read timed out. (read timeout=120)
/home/ubuntu/SP25_DS5111_uay3yb/bin/gainers/wsj.py:57: FutureWarning: Passing literal html to 'read_html' is deprecated and will be removed in a future version. To read from a literal string, wrap it in a 'StringIO' object.
  df_list = pd.read_html(html)
 Downloading wsj data...
File not found; treating csv_path as URL: raw_data/wsj/gainers_raw_2025-03-27_01-22.csv
Using Selenium to fetch WSJ data...
WSJ HTML fetched and saved to wsjgainers.html
Table successfully extracted from WSJ HTML.
 Normalizing wsj data...
 Saving raw data to raw_data/wsj/gainers_raw_2025-03-27_01-22.csv
WSJ data saved to raw_data/wsj/gainers_raw_2025-03-27_01-22.csv
 Saved raw data: raw_data/wsj/gainers_raw_2025-03-27_01-22.csv
 Saving normalized data to raw_data/wsj/gainers_normalized_2025-03-27_01-22.csv
WSJ data saved to raw_data/wsj/gainers_normalized_2025-03-27_01-22.csv
 Saved normalized data: raw_data/wsj/gainers_normalized_2025-03-27_01-22.csv
/home/ubuntu/SP25_DS5111_uay3yb/bin/gainers/wsj.py:57: FutureWarning: Passing literal html to 'read_html' is deprecated and will be removed in a future version. To read from a literal string, wrap it in a 'StringIO' object.
  df_list = pd.read_html(html)
 Downloading wsj data...
File not found; treating csv_path as URL: raw_data/wsj/gainers_raw_2025-03-27_01-23.csv
Using Selenium to fetch WSJ data...
WSJ HTML fetched and saved to wsjgainers.html
Table successfully extracted from WSJ HTML.
 Normalizing wsj data...
 Saving raw data to raw_data/wsj/gainers_raw_2025-03-27_01-23.csv
WSJ data saved to raw_data/wsj/gainers_raw_2025-03-27_01-23.csv
 Saved raw data: raw_data/wsj/gainers_raw_2025-03-27_01-23.csv
 Saving normalized data to raw_data/wsj/gainers_normalized_2025-03-27_01-23.csv
WSJ data saved to raw_data/wsj/gainers_normalized_2025-03-27_01-23.csv
 Saved normalized data: raw_data/wsj/gainers_normalized_2025-03-27_01-23.csv
/home/ubuntu/SP25_DS5111_uay3yb/bin/gainers/wsj.py:57: FutureWarning: Passing literal html to 'read_html' is deprecated and will be removed in a future version. To read from a literal string, wrap it in a 'StringIO' object.
  df_list = pd.read_html(html)
 Downloading wsj data...
File not found; treating csv_path as URL: raw_data/wsj/gainers_raw_2025-03-27_01-24.csv
Using Selenium to fetch WSJ data...
WSJ HTML fetched and saved to wsjgainers.html
Table successfully extracted from WSJ HTML.
 Normalizing wsj data...
 Saving raw data to raw_data/wsj/gainers_raw_2025-03-27_01-24.csv
WSJ data saved to raw_data/wsj/gainers_raw_2025-03-27_01-24.csv
 Saved raw data: raw_data/wsj/gainers_raw_2025-03-27_01-24.csv
 Saving normalized data to raw_data/wsj/gainers_normalized_2025-03-27_01-24.csv
WSJ data saved to raw_data/wsj/gainers_normalized_2025-03-27_01-24.csv
 Saved normalized data: raw_data/wsj/gainers_normalized_2025-03-27_01-24.csv
/home/ubuntu/SP25_DS5111_uay3yb/bin/gainers/wsj.py:57: FutureWarning: Passing literal html to 'read_html' is deprecated and will be removed in a future version. To read from a literal string, wrap it in a 'StringIO' object.
  df_list = pd.read_html(html)
 Downloading wsj data...
File not found; treating csv_path as URL: raw_data/wsj/gainers_raw_2025-03-27_01-25.csv
Using Selenium to fetch WSJ data...
WSJ HTML fetched and saved to wsjgainers.html
Table successfully extracted from WSJ HTML.
 Normalizing wsj data...
 Saving raw data to raw_data/wsj/gainers_raw_2025-03-27_01-25.csv
WSJ data saved to raw_data/wsj/gainers_raw_2025-03-27_01-25.csv
 Saved raw data: raw_data/wsj/gainers_raw_2025-03-27_01-25.csv
 Saving normalized data to raw_data/wsj/gainers_normalized_2025-03-27_01-25.csv
WSJ data saved to raw_data/wsj/gainers_normalized_2025-03-27_01-25.csv
 Saved normalized data: raw_data/wsj/gainers_normalized_2025-03-27_01-25.csv
/home/ubuntu/SP25_DS5111_uay3yb/bin/gainers/wsj.py:57: FutureWarning: Passing literal html to 'read_html' is deprecated and will be removed in a future version. To read from a literal string, wrap it in a 'StringIO' object.
  df_list = pd.read_html(html)
 Downloading wsj data...
File not found; treating csv_path as URL: raw_data/wsj/gainers_raw_2025-03-27_01-26.csv
Using Selenium to fetch WSJ data...
WSJ HTML fetched and saved to wsjgainers.html
Table successfully extracted from WSJ HTML.
 Normalizing wsj data...
 Saving raw data to raw_data/wsj/gainers_raw_2025-03-27_01-26.csv
WSJ data saved to raw_data/wsj/gainers_raw_2025-03-27_01-26.csv
 Saved raw data: raw_data/wsj/gainers_raw_2025-03-27_01-26.csv
 Saving normalized data to raw_data/wsj/gainers_normalized_2025-03-27_01-26.csv
WSJ data saved to raw_data/wsj/gainers_normalized_2025-03-27_01-26.csv
 Saved normalized data: raw_data/wsj/gainers_normalized_2025-03-27_01-26.csv
/home/ubuntu/SP25_DS5111_uay3yb/bin/gainers/wsj.py:57: FutureWarning: Passing literal html to 'read_html' is deprecated and will be removed in a future version. To read from a literal string, wrap it in a 'StringIO' object.
  df_list = pd.read_html(html)
 Downloading wsj data...
File not found; treating csv_path as URL: raw_data/wsj/gainers_raw_2025-03-27_01-27.csv
Using Selenium to fetch WSJ data...
WSJ HTML fetched and saved to wsjgainers.html
Table successfully extracted from WSJ HTML.
 Normalizing wsj data...
 Saving raw data to raw_data/wsj/gainers_raw_2025-03-27_01-27.csv
WSJ data saved to raw_data/wsj/gainers_raw_2025-03-27_01-27.csv
 Saved raw data: raw_data/wsj/gainers_raw_2025-03-27_01-27.csv
 Saving normalized data to raw_data/wsj/gainers_normalized_2025-03-27_01-27.csv
WSJ data saved to raw_data/wsj/gainers_normalized_2025-03-27_01-27.csv
 Saved normalized data: raw_data/wsj/gainers_normalized_2025-03-27_01-27.csv
/home/ubuntu/SP25_DS5111_uay3yb/bin/gainers/wsj.py:57: FutureWarning: Passing literal html to 'read_html' is deprecated and will be removed in a future version. To read from a literal string, wrap it in a 'StringIO' object.
  df_list = pd.read_html(html)
 Downloading wsj data...
File not found; treating csv_path as URL: raw_data/wsj/gainers_raw_2025-03-27_01-28.csv
Using Selenium to fetch WSJ data...
WSJ HTML fetched and saved to wsjgainers.html
Table successfully extracted from WSJ HTML.
 Normalizing wsj data...
 Saving raw data to raw_data/wsj/gainers_raw_2025-03-27_01-28.csv
WSJ data saved to raw_data/wsj/gainers_raw_2025-03-27_01-28.csv
 Saved raw data: raw_data/wsj/gainers_raw_2025-03-27_01-28.csv
 Saving normalized data to raw_data/wsj/gainers_normalized_2025-03-27_01-28.csv
WSJ data saved to raw_data/wsj/gainers_normalized_2025-03-27_01-28.csv
 Saved normalized data: raw_data/wsj/gainers_normalized_2025-03-27_01-28.csv
